-- The C compiler identification is GNU 11.3.0
-- The CXX compiler identification is GNU 11.3.0
-- Detecting C compiler ABI info
-- Detecting C compiler ABI info - done
-- Check for working C compiler: /usr/bin/cc - skipped
-- Detecting C compile features
-- Detecting C compile features - done
-- Detecting CXX compiler ABI info
-- Detecting CXX compiler ABI info - done
-- Check for working CXX compiler: /usr/bin/c++ - skipped
-- Detecting CXX compile features
-- Detecting CXX compile features - done
-- Found ament_cmake: 1.3.3 (/opt/ros/humble/share/ament_cmake/cmake)
-- Found Python3: /usr/bin/python3.10 (found version "3.10.6") found components: Interpreter 
-- Found rclcpp: 16.0.2 (/opt/ros/humble/share/rclcpp/cmake)
-- Found rosidl_generator_c: 3.1.4 (/opt/ros/humble/share/rosidl_generator_c/cmake)
-- Found rosidl_adapter: 3.1.4 (/opt/ros/humble/share/rosidl_adapter/cmake)
-- Found rosidl_generator_cpp: 3.1.4 (/opt/ros/humble/share/rosidl_generator_cpp/cmake)
-- Using all available rosidl_typesupport_c: rosidl_typesupport_fastrtps_c;rosidl_typesupport_introspection_c
-- Using all available rosidl_typesupport_cpp: rosidl_typesupport_fastrtps_cpp;rosidl_typesupport_introspection_cpp
-- Found rmw_implementation_cmake: 6.1.1 (/opt/ros/humble/share/rmw_implementation_cmake/cmake)
-- Found rmw_fastrtps_cpp: 6.2.2 (/opt/ros/humble/share/rmw_fastrtps_cpp/cmake)
-- Found OpenSSL: /usr/lib/x86_64-linux-gnu/libcrypto.so (found version "3.0.2")  
-- Found FastRTPS: /opt/ros/humble/include  
-- Using RMW implementation 'rmw_fastrtps_cpp' as default
-- Looking for pthread.h
-- Looking for pthread.h - found
-- Performing Test CMAKE_HAVE_LIBC_PTHREAD
-- Performing Test CMAKE_HAVE_LIBC_PTHREAD - Success
-- Found Threads: TRUE  
-- Found rclcpp_action: 16.0.2 (/opt/ros/humble/share/rclcpp_action/cmake)
-- Found plansys2_msgs: 2.0.8 (/root/plansys2_ws/install/plansys2_msgs/share/plansys2_msgs/cmake)
-- Found plansys2_executor: 2.0.8 (/root/plansys2_ws/install/plansys2_executor/share/plansys2_executor/cmake)
-- Found ament_lint_auto: 0.12.4 (/opt/ros/humble/share/ament_lint_auto/cmake)
-- Added test 'flake8' to check Python code syntax and style conventions
-- Added test 'lint_cmake' to check CMake code style
-- Added test 'pep257' to check Python code against some of the docstring style conventions in PEP 257
-- Added test 'xmllint' to check XML markup files
-- Configuring done
-- Generating done
-- Build files have been written to: /root/Automated_Planning_project/build/plansys2_problem5
-- Install configuration: ""
-- Installing: /root/Automated_Planning_project/install/plansys2_problem5/share/plansys2_problem5/launch
-- Installing: /root/Automated_Planning_project/install/plansys2_problem5/share/plansys2_problem5/launch/plansys2_problem5_launch.py
-- Installing: /root/Automated_Planning_project/install/plansys2_problem5/share/plansys2_problem5/pddl
-- Installing: /root/Automated_Planning_project/install/plansys2_problem5/share/plansys2_problem5/pddl/domain4.pddl
-- Installing: /root/Automated_Planning_project/install/plansys2_problem5/share/ament_index/resource_index/package_run_dependencies/plansys2_problem5
-- Installing: /root/Automated_Planning_project/install/plansys2_problem5/share/ament_index/resource_index/parent_prefix_path/plansys2_problem5
-- Installing: /root/Automated_Planning_project/install/plansys2_problem5/share/plansys2_problem5/environment/ament_prefix_path.sh
-- Installing: /root/Automated_Planning_project/install/plansys2_problem5/share/plansys2_problem5/environment/ament_prefix_path.dsv
-- Installing: /root/Automated_Planning_project/install/plansys2_problem5/share/plansys2_problem5/environment/path.sh
-- Installing: /root/Automated_Planning_project/install/plansys2_problem5/share/plansys2_problem5/environment/path.dsv
-- Installing: /root/Automated_Planning_project/install/plansys2_problem5/share/plansys2_problem5/local_setup.bash
-- Installing: /root/Automated_Planning_project/install/plansys2_problem5/share/plansys2_problem5/local_setup.sh
-- Installing: /root/Automated_Planning_project/install/plansys2_problem5/share/plansys2_problem5/local_setup.zsh
-- Installing: /root/Automated_Planning_project/install/plansys2_problem5/share/plansys2_problem5/local_setup.dsv
-- Installing: /root/Automated_Planning_project/install/plansys2_problem5/share/plansys2_problem5/package.dsv
-- Installing: /root/Automated_Planning_project/install/plansys2_problem5/share/ament_index/resource_index/packages/plansys2_problem5
-- Installing: /root/Automated_Planning_project/install/plansys2_problem5/share/plansys2_problem5/cmake/plansys2_problem5Config.cmake
-- Installing: /root/Automated_Planning_project/install/plansys2_problem5/share/plansys2_problem5/cmake/plansys2_problem5Config-version.cmake
-- Installing: /root/Automated_Planning_project/install/plansys2_problem5/share/plansys2_problem5/package.xml
